<?xml version="1.0" encoding="UTF-8"?>
<!-- Generated by org.testng.reporters.JUnitXMLReporter -->
<testsuite ignored="9" hostname="DESKTOP-QS1767H" failures="1" tests="2" name="Registration Test" time="129.541" errors="0" timestamp="2024-02-27T15:53:53 IST">
  <testcase classname="TestResult.LoginPageTest" name="amazonDropdown" time="3.447"/>
  <testcase classname="TestResult.LoginPageTest" name="s" time="121.926">
    <failure type="org.openqa.selenium.NoSuchElementException" message="no such element: Unable to locate element: {&amp;quot;method&amp;quot;:&amp;quot;xpath&amp;quot;,&amp;quot;selector&amp;quot;:&amp;quot;//*[@class=&amp;apos;a-cardui-header&amp;apos;]/child::*[contains(text(),&amp;apos;Gaming accessories&amp;apos;)]/preceding::div[starts-with(@id,&amp;apos;desktop&amp;apos;)]/ancestor::div[@id=&amp;apos;gw-layout&amp;apos;]&amp;quot;}
  (Session info: chrome=121.0.6167.189)
For documentation on this error, please visit: https://www.seleniumhq.org/exceptions/no_such_element.html
Build info: version: &amp;apos;3.141.59&amp;apos;, revision: &amp;apos;e82be7d358&amp;apos;, time: &amp;apos;2018-11-14T08:17:03&amp;apos;
System info: host: &amp;apos;DESKTOP-QS1767H&amp;apos;, ip: &amp;apos;192.168.1.76&amp;apos;, os.name: &amp;apos;Windows 11&amp;apos;, os.arch: &amp;apos;amd64&amp;apos;, os.version: &amp;apos;10.0&amp;apos;, java.version: &amp;apos;17.0.3&amp;apos;
Driver info: org.openqa.selenium.chrome.ChromeDriver
Capabilities {acceptInsecureCerts: false, browserName: chrome, browserVersion: 121.0.6167.189, chrome: {chromedriverVersion: 121.0.6167.85 (3f98d690ad7e..., userDataDir: C:\Users\amitt\AppData\Loca...}, fedcm:accounts: true, goog:chromeOptions: {debuggerAddress: localhost:58924}, javascriptEnabled: true, networkConnectionEnabled: false, pageLoadStrategy: normal, platform: WINDOWS, platformName: WINDOWS, proxy: Proxy(), setWindowRect: true, strictFileInteractability: false, timeouts: {implicit: 0, pageLoad: 300000, script: 30000}, unhandledPromptBehavior: dismiss and notify, webauthn:extension:credBlob: true, webauthn:extension:largeBlob: true, webauthn:extension:minPinLength: true, webauthn:extension:prf: true, webauthn:virtualAuthenticators: true}
Session ID: 49ab1ffb696bdaaaa7e656788bb98c92
*** Element info: {Using=xpath, value=//*[@class=&amp;apos;a-cardui-header&amp;apos;]/child::*[contains(text(),&amp;apos;Gaming accessories&amp;apos;)]/preceding::div[starts-with(@id,&amp;apos;desktop&amp;apos;)]/ancestor::div[@id=&amp;apos;gw-layout&amp;apos;]}">
      <![CDATA[org.openqa.selenium.NoSuchElementException: no such element: Unable to locate element: {"method":"xpath","selector":"//*[@class='a-cardui-header']/child::*[contains(text(),'Gaming accessories')]/preceding::div[starts-with(@id,'desktop')]/ancestor::div[@id='gw-layout']"}
  (Session info: chrome=121.0.6167.189)
For documentation on this error, please visit: https://www.seleniumhq.org/exceptions/no_such_element.html
Build info: version: '3.141.59', revision: 'e82be7d358', time: '2018-11-14T08:17:03'
System info: host: 'DESKTOP-QS1767H', ip: '192.168.1.76', os.name: 'Windows 11', os.arch: 'amd64', os.version: '10.0', java.version: '17.0.3'
Driver info: org.openqa.selenium.chrome.ChromeDriver
Capabilities {acceptInsecureCerts: false, browserName: chrome, browserVersion: 121.0.6167.189, chrome: {chromedriverVersion: 121.0.6167.85 (3f98d690ad7e..., userDataDir: C:\Users\amitt\AppData\Loca...}, fedcm:accounts: true, goog:chromeOptions: {debuggerAddress: localhost:58924}, javascriptEnabled: true, networkConnectionEnabled: false, pageLoadStrategy: normal, platform: WINDOWS, platformName: WINDOWS, proxy: Proxy(), setWindowRect: true, strictFileInteractability: false, timeouts: {implicit: 0, pageLoad: 300000, script: 30000}, unhandledPromptBehavior: dismiss and notify, webauthn:extension:credBlob: true, webauthn:extension:largeBlob: true, webauthn:extension:minPinLength: true, webauthn:extension:prf: true, webauthn:virtualAuthenticators: true}
Session ID: 49ab1ffb696bdaaaa7e656788bb98c92
*** Element info: {Using=xpath, value=//*[@class='a-cardui-header']/child::*[contains(text(),'Gaming accessories')]/preceding::div[starts-with(@id,'desktop')]/ancestor::div[@id='gw-layout']}
at org.openqa.selenium.remote.http.W3CHttpResponseCodec.createException(W3CHttpResponseCodec.java:187)
at org.openqa.selenium.remote.http.W3CHttpResponseCodec.decode(W3CHttpResponseCodec.java:122)
at org.openqa.selenium.remote.http.W3CHttpResponseCodec.decode(W3CHttpResponseCodec.java:49)
at org.openqa.selenium.remote.HttpCommandExecutor.execute(HttpCommandExecutor.java:158)
at org.openqa.selenium.remote.service.DriverCommandExecutor.execute(DriverCommandExecutor.java:83)
at org.openqa.selenium.remote.RemoteWebDriver.execute(RemoteWebDriver.java:552)
at org.openqa.selenium.remote.RemoteWebDriver.findElement(RemoteWebDriver.java:323)
at org.openqa.selenium.remote.RemoteWebDriver.findElementByXPath(RemoteWebDriver.java:428)
at org.openqa.selenium.By$ByXPath.findElement(By.java:353)
at org.openqa.selenium.remote.RemoteWebDriver.findElement(RemoteWebDriver.java:315)
at TestResult.LoginPageTest.s(LoginPageTest.java:193)
at java.base/java.util.concurrent.ThreadPoolExecutor.runWorker(ThreadPoolExecutor.java:1136)
at java.base/java.util.concurrent.ThreadPoolExecutor$Worker.run(ThreadPoolExecutor.java:635)
at java.base/java.lang.Thread.run(Thread.java:833)
... Removed 17 stack frames]]>
    </failure>
  </testcase> <!-- s -->
  <testcase classname="TestResult.LoginPageTest" name="mytrip" time="0.0">
    <ignored/>
  </testcase> <!-- mytrip -->
  <testcase classname="TestResult.LoginPageTest" name="voidDtable" time="0.0">
    <ignored/>
  </testcase> <!-- voidDtable -->
  <testcase classname="TestResult.LoginPageTest" name="vcheckInvalidLogin" time="0.0">
    <ignored/>
  </testcase> <!-- vcheckInvalidLogin -->
  <testcase classname="TestResult.LoginPageTest" name="validateLogin" time="0.0">
    <ignored/>
  </testcase> <!-- validateLogin -->
  <testcase classname="TestResult.LoginPageTest" name="checkTable" time="0.0">
    <ignored/>
  </testcase> <!-- checkTable -->
  <testcase classname="TestResult.LoginPageTest" name="validateTitle" time="0.0">
    <ignored/>
  </testcase> <!-- validateTitle -->
  <testcase classname="TestResult.RegisterPageTest" name="registerNewUser" time="0.0">
    <ignored/>
  </testcase> <!-- registerNewUser -->
  <testcase classname="TestResult.LoginPageTest" name="validateCurrentUrl" time="0.0">
    <ignored/>
  </testcase> <!-- validateCurrentUrl -->
  <testcase classname="TestResult.LoginPageTest" name="wiki" time="0.0">
    <ignored/>
  </testcase> <!-- wiki -->
</testsuite> <!-- Registration Test -->
